<?xml version="1.0" encoding="UTF-8"?>
<testsuite xmlns:xsi="http://www.w3.org/2001/XMLSchema-instance" xsi:noNamespaceSchemaLocation="https://maven.apache.org/surefire/maven-surefire-plugin/xsd/surefire-test-report.xsd" name="tests.ROTest" time="0.257" tests="2" errors="2" skipped="0" failures="0">
  <properties>
[...]
</properties>
  <testcase name="testIndexScan" classname="tests.ROTest" time="0.007">
    <error type="java.lang.NullPointerException">java.lang.NullPointerException
	at tests.ROTest.execute_and_compare(ROTest.java:127)
	at tests.ROTest.testIndexScan(ROTest.java:232)
</error>
    <system-out><![CDATA[Creating database...
Replacer: Clock

]]></system-out>
  </testcase>
  <testcase name="tests.ROTest" classname="tests.ROTest" time="0.008">
    <error message="Page currently pinned" type="java.lang.IllegalArgumentException">java.lang.IllegalArgumentException: Page currently pinned
	at tests.ROTest.tearDownDB(ROTest.java:212)
</error>
  </testcase>
</testsuite>